<?xml version="1.0" encoding="UTF-8"?>
<!-- Generated by org.testng.reporters.JUnitXMLReporter -->
<testsuite ignored="0" hostname="LAPTOP-NTBPMJL5" failures="0" tests="6" name="Test" time="0.15" errors="0" timestamp="2024-03-07T17:37:12 PST">
  <testcase classname="testCases.TestNG_Demos" name="test" time="0.015"/>
  <testcase classname="testCases.TestNG_Demos" name="test1" time="0.002"/>
  <testcase classname="testCases.TestNG_Demos" name="abc" time="0.002"/>
  <testcase classname="testCases.TestNG_Demos2" name="test" time="0.002"/>
  <testcase classname="testCases.TestNG_Demos2" name="test1" time="0.002"/>
  <testcase classname="testCases.TestNG_Demos2" name="abc" time="0.002"/>
</testsuite> <!-- Test -->
