<?xml version="1.0" encoding="UTF-8"?>
<!-- Generated by org.testng.reporters.JUnitXMLReporter -->
<testsuite ignored="0" hostname="LAPTOP-NTBPMJL5" failures="0" tests="3" name="Default test" time="0.058" errors="0" timestamp="2023-11-30T22:09:02 PST">
  <testcase classname="testNGTutorials.FirstTestNGScript" name="loginApplocation" time="0.012"/>
  <testcase classname="testNGTutorials.FirstTestNGScript" name="selectItems" time="0.002"/>
  <testcase classname="testNGTutorials.FirstTestNGScript" name="checkOut" time="0.002"/>
</testsuite> <!-- Default test -->
