<?xml version="1.0" encoding="UTF-8"?>
<testng-results ignored="0" total="5" passed="5" failed="0" skipped="0">
  <reporter-output>
  </reporter-output>
  <suite started-at="2024-05-02T18:50:57 PDT" name="Default suite" finished-at="2024-05-02T18:51:01 PDT" duration-ms="4439">
    <groups>
    </groups>
    <test started-at="2024-05-02T18:50:57 PDT" name="Default test" finished-at="2024-05-02T18:51:01 PDT" duration-ms="4439">
      <class name="org.example.RestAssuredTests">
        <test-method signature="deleteRequest2()[pri:0, instance:org.example.RestAssuredTests@34b7ac2f]" started-at="2024-05-02T18:50:57 PDT" name="deleteRequest2" finished-at="2024-05-02T18:50:59 PDT" duration-ms="2485" status="PASS">
          <reporter-output>
          </reporter-output>
        </test-method> <!-- deleteRequest2 -->
        <test-method signature="getRequest()[pri:0, instance:org.example.RestAssuredTests@34b7ac2f]" started-at="2024-05-02T18:50:59 PDT" name="getRequest" finished-at="2024-05-02T18:51:00 PDT" duration-ms="421" status="PASS">
          <reporter-output>
          </reporter-output>
        </test-method> <!-- getRequest -->
        <test-method signature="getRequest2()[pri:0, instance:org.example.RestAssuredTests@34b7ac2f]" started-at="2024-05-02T18:51:00 PDT" name="getRequest2" finished-at="2024-05-02T18:51:00 PDT" duration-ms="305" status="PASS">
          <reporter-output>
          </reporter-output>
        </test-method> <!-- getRequest2 -->
        <test-method signature="postRequest3()[pri:0, instance:org.example.RestAssuredTests@34b7ac2f]" started-at="2024-05-02T18:51:00 PDT" name="postRequest3" finished-at="2024-05-02T18:51:01 PDT" duration-ms="715" status="PASS">
          <reporter-output>
          </reporter-output>
        </test-method> <!-- postRequest3 -->
        <test-method signature="putRequest2()[pri:0, instance:org.example.RestAssuredTests@34b7ac2f]" started-at="2024-05-02T18:51:01 PDT" name="putRequest2" finished-at="2024-05-02T18:51:01 PDT" duration-ms="458" status="PASS">
          <reporter-output>
          </reporter-output>
        </test-method> <!-- putRequest2 -->
      </class> <!-- org.example.RestAssuredTests -->
    </test> <!-- Default test -->
  </suite> <!-- Default suite -->
</testng-results>
