<?xml version="1.0" encoding="UTF-8"?>
<testng-results ignored="0" total="2" passed="2" failed="0" skipped="0">
  <reporter-output>
  </reporter-output>
  <suite started-at="2024-01-14T20:38:19 PST" name="Default suite" finished-at="2024-01-14T20:38:22 PST" duration-ms="3055">
    <groups>
    </groups>
    <test started-at="2024-01-14T20:38:19 PST" name="Default test" finished-at="2024-01-14T20:38:22 PST" duration-ms="3055">
      <class name="tests.GetAndPOstExamples">
        <test-method signature="testGet()[pri:0, instance:tests.GetAndPOstExamples@6e20b53a]" started-at="2024-01-14T20:38:19 PST" name="testGet" finished-at="2024-01-14T20:38:22 PST" duration-ms="2107" status="PASS">
          <reporter-output>
          </reporter-output>
        </test-method> <!-- testGet -->
        <test-method signature="testPost()[pri:0, instance:tests.GetAndPOstExamples@6e20b53a]" started-at="2024-01-14T20:38:22 PST" name="testPost" finished-at="2024-01-14T20:38:22 PST" duration-ms="918" status="PASS">
          <reporter-output>
          </reporter-output>
        </test-method> <!-- testPost -->
      </class> <!-- tests.GetAndPOstExamples -->
    </test> <!-- Default test -->
  </suite> <!-- Default suite -->
</testng-results>
