<?xml version="1.0" encoding="UTF-8"?>
<testng-results ignored="0" total="3" passed="3" failed="0" skipped="0">
  <reporter-output>
  </reporter-output>
  <suite started-at="2023-11-30T22:09:02 PST" name="Default suite" finished-at="2023-11-30T22:09:02 PST" duration-ms="58">
    <groups>
    </groups>
    <test started-at="2023-11-30T22:09:02 PST" name="Default test" finished-at="2023-11-30T22:09:02 PST" duration-ms="58">
      <class name="testNGTutorials.FirstTestNGScript">
        <test-method signature="loginApplocation()[pri:1, instance:testNGTutorials.FirstTestNGScript@6a400542]" started-at="2023-11-30T22:09:02 PST" name="loginApplocation" description="This test case will verify login functionality" finished-at="2023-11-30T22:09:02 PST" duration-ms="12" status="PASS">
          <reporter-output>
          </reporter-output>
        </test-method> <!-- loginApplocation -->
        <test-method signature="selectItems()[pri:2, instance:testNGTutorials.FirstTestNGScript@6a400542]" started-at="2023-11-30T22:09:02 PST" name="selectItems" description="This test case will add certain items in basket" finished-at="2023-11-30T22:09:02 PST" duration-ms="2" status="PASS">
          <reporter-output>
          </reporter-output>
        </test-method> <!-- selectItems -->
        <test-method signature="checkOut()[pri:3, instance:testNGTutorials.FirstTestNGScript@6a400542]" started-at="2023-11-30T22:09:02 PST" name="checkOut" description="This test case will perforn checkout operation" finished-at="2023-11-30T22:09:02 PST" duration-ms="2" status="PASS">
          <reporter-output>
          </reporter-output>
        </test-method> <!-- checkOut -->
      </class> <!-- testNGTutorials.FirstTestNGScript -->
    </test> <!-- Default test -->
  </suite> <!-- Default suite -->
</testng-results>
