<?xml version="1.0" encoding="UTF-8"?>
<!-- Generated by org.testng.reporters.JUnitXMLReporter -->
<testsuite ignored="0" hostname="LAPTOP-NTBPMJL5" failures="0" tests="5" name="Default test" time="4.439" errors="0" timestamp="2024-05-02T18:51:01 PDT">
  <testcase classname="org.example.RestAssuredTests" name="deleteRequest2" time="2.485"/>
  <testcase classname="org.example.RestAssuredTests" name="getRequest" time="0.421"/>
  <testcase classname="org.example.RestAssuredTests" name="getRequest2" time="0.305"/>
  <testcase classname="org.example.RestAssuredTests" name="postRequest3" time="0.715"/>
  <testcase classname="org.example.RestAssuredTests" name="putRequest2" time="0.458"/>
</testsuite> <!-- Default test -->
